<?xml version="1.0" encoding="UTF-8"?>
<testsuite name="tester" tests="1" skipped="0" failures="0" errors="0" timestamp="2023-12-20T04:23:36" hostname="Daehoon-0210" time="1.112">
  <properties/>
  <testcase name="testSaver()" classname="tester" time="1.112"/>
  <system-out><![CDATA[fassadsadasdas
javax.persistence.PersistenceException: org.hibernate.PropertyValueException: not-null property references a null or transient value : Potatonet.PortScan.domain.Port.ipId
]]></system-out>
  <system-err><![CDATA[Dec 20, 2023 1:23:36 PM org.hibernate.jpa.internal.util.LogHelper logPersistenceUnitInformation
INFO: HHH000204: Processing PersistenceUnitInfo [name: hello]
Dec 20, 2023 1:23:36 PM org.hibernate.Version logVersion
INFO: HHH000412: Hibernate ORM core version 5.4.22.Final
Dec 20, 2023 1:23:36 PM org.hibernate.annotations.common.reflection.java.JavaReflectionManager <clinit>
INFO: HCANN000001: Hibernate Commons Annotations {5.1.0.Final}
Dec 20, 2023 1:23:36 PM org.hibernate.engine.jdbc.connections.internal.DriverManagerConnectionProviderImpl configure
WARN: HHH10001002: Using Hibernate built-in connection pool (not for production use!)
Dec 20, 2023 1:23:36 PM org.hibernate.engine.jdbc.connections.internal.DriverManagerConnectionProviderImpl buildCreator
INFO: HHH10001005: using driver [org.postgresql.Driver] at URL [jdbc:postgresql://172.30.1.16:5432/potato]
Dec 20, 2023 1:23:36 PM org.hibernate.engine.jdbc.connections.internal.DriverManagerConnectionProviderImpl buildCreator
INFO: HHH10001001: Connection properties: {password=****, user=potatonet}
Dec 20, 2023 1:23:36 PM org.hibernate.engine.jdbc.connections.internal.DriverManagerConnectionProviderImpl buildCreator
INFO: HHH10001003: Autocommit mode: false
Dec 20, 2023 1:23:36 PM org.hibernate.engine.jdbc.connections.internal.DriverManagerConnectionProviderImpl$PooledConnections <init>
INFO: HHH000115: Hibernate connection pool size: 20 (min=1)
Dec 20, 2023 1:23:36 PM org.hibernate.dialect.Dialect <init>
INFO: HHH000400: Using dialect: org.hibernate.dialect.PostgreSQL10Dialect
Dec 20, 2023 1:23:37 PM org.hibernate.resource.transaction.backend.jdbc.internal.DdlTransactionIsolatorNonJtaImpl getIsolatedConnection
INFO: HHH10001501: Connection obtained from JdbcConnectionAccess [org.hibernate.engine.jdbc.env.internal.JdbcEnvironmentInitiator$ConnectionProviderJdbcConnectionAccess@18d003cd] for (non-JTA) DDL execution was not in auto-commit mode; the Connection 'local transaction' will be committed and the Connection will be set into auto-commit mode.
Dec 20, 2023 1:23:37 PM org.hibernate.engine.transaction.jta.platform.internal.JtaPlatformInitiator initiateService
INFO: HHH000490: Using JtaPlatform implementation: [org.hibernate.engine.transaction.jta.platform.internal.NoJtaPlatform]
]]></system-err>
</testsuite>
